<?xml version="1.0" encoding="UTF-8"?>
<!-- Generated by org.testng.reporters.JUnitReportReporter -->
<testsuite hostname="LAPTOP-QFO71BU4" failures="0" tests="1" name="com.mystroe.testScripts.LoginPageTest" time="32.874" errors="0" timestamp="2022-05-22T09:14:08 IST" skipped="0">
  <testcase classname="com.mystroe.testScripts.LoginPageTest" name="loginTest" time="32.874"/>
  <system-out/>
</testsuite> <!-- com.mystroe.testScripts.LoginPageTest -->
