<?xml version="1.0" encoding="UTF-8"?>
<!-- Generated by org.testng.reporters.JUnitReportReporter -->
<testsuite hostname="LAPTOP-QFO71BU4" failures="0" tests="2" name="com.mystroe.testScripts.IndexPageTest" time="18.111" errors="0" timestamp="2022-05-22T13:43:37 IST" skipped="0">
  <testcase classname="com.mystroe.testScripts.IndexPageTest" name="verifyLogo" time="8.969"/>
  <system-out/>
  <testcase classname="com.mystroe.testScripts.IndexPageTest" name="verifyTitle" time="9.142"/>
  <system-out/>
</testsuite> <!-- com.mystroe.testScripts.IndexPageTest -->
