<?xml version="1.0" encoding="UTF-8"?>
<!-- Generated by org.testng.reporters.JUnitReportReporter -->
<testsuite hostname="LAPTOP-QFO71BU4" failures="0" tests="1" name="com.mystroe.testScripts.AccountCreationPageTest" time="25.742" errors="0" timestamp="2022-05-22T09:14:08 IST" skipped="0">
  <testcase classname="com.mystroe.testScripts.AccountCreationPageTest" name="verifyCreateAccountPageTest" time="25.742"/>
  <system-out/>
</testsuite> <!-- com.mystroe.testScripts.AccountCreationPageTest -->
