<?xml version="1.0" encoding="UTF-8"?>
<!-- Generated by org.testng.reporters.JUnitReportReporter -->
<testsuite hostname="LAPTOP-QFO71BU4" failures="0" tests="2" name="com.mystroe.testScripts.SearchResultPageTest" time="29.730" errors="0" timestamp="2022-05-22T15:22:03 IST" skipped="0">
  <testcase classname="com.mystroe.testScripts.SearchResultPageTest" name="productAvailabilityTest" time="13.630"/>
  <system-out/>
  <testcase classname="com.mystroe.testScripts.SearchResultPageTest" name="productAvailabilityTest" time="16.100"/>
  <system-out/>
</testsuite> <!-- com.mystroe.testScripts.SearchResultPageTest -->
