<?xml version="1.0" encoding="UTF-8"?>
<!-- Generated by org.testng.reporters.JUnitReportReporter -->
<testsuite hostname="LAPTOP-QFO71BU4" failures="0" tests="1" name="com.mystroe.testScripts.EndToEndTest" time="65.250" errors="0" timestamp="2022-05-22T13:43:37 IST" skipped="0">
  <testcase classname="com.mystroe.testScripts.EndToEndTest" name="endToEndTest" time="65.250"/>
  <system-out/>
</testsuite> <!-- com.mystroe.testScripts.EndToEndTest -->
