<?xml version="1.0" encoding="UTF-8"?>
<!-- Generated by org.testng.reporters.JUnitReportReporter -->
<testsuite hostname="LAPTOP-QFO71BU4" failures="0" tests="1" name="com.mystroe.testScripts.SearchResultPageTest" time="16.061" errors="0" timestamp="2022-05-22T13:43:37 IST" skipped="0">
  <testcase classname="com.mystroe.testScripts.SearchResultPageTest" name="productAvailabilityTest" time="16.061"/>
  <system-out/>
</testsuite> <!-- com.mystroe.testScripts.SearchResultPageTest -->
