<?xml version="1.0" encoding="UTF-8"?>
<!-- Generated by org.testng.reporters.JUnitReportReporter -->
<testsuite hostname="LAPTOP-QFO71BU4" failures="0" tests="2" name="com.mystroe.testScripts.LoginPageTest" time="31.201" errors="0" timestamp="2022-05-22T15:22:03 IST" skipped="0">
  <testcase classname="com.mystroe.testScripts.LoginPageTest" name="loginTest" time="15.113"/>
  <system-out/>
  <testcase classname="com.mystroe.testScripts.LoginPageTest" name="loginTest" time="16.088"/>
  <system-out/>
</testsuite> <!-- com.mystroe.testScripts.LoginPageTest -->
