<?xml version="1.0" encoding="UTF-8"?>
<!-- Generated by org.testng.reporters.JUnitReportReporter -->
<testsuite hostname="LAPTOP-QFO71BU4" failures="0" tests="4" name="com.mystroe.testScripts.IndexPageTest" time="32.667" errors="0" timestamp="2022-05-22T15:22:03 IST" skipped="0">
  <testcase classname="com.mystroe.testScripts.IndexPageTest" name="verifyTitle" time="8.388"/>
  <system-out/>
  <testcase classname="com.mystroe.testScripts.IndexPageTest" name="verifyLogo" time="8.279"/>
  <system-out/>
  <testcase classname="com.mystroe.testScripts.IndexPageTest" name="verifyTitle" time="8.153"/>
  <system-out/>
  <testcase classname="com.mystroe.testScripts.IndexPageTest" name="verifyLogo" time="7.847"/>
  <system-out/>
</testsuite> <!-- com.mystroe.testScripts.IndexPageTest -->
